[debug] [2020-09-26T06:17:13.921Z] ----------------------------------------------------------------------
[debug] [2020-09-26T06:17:13.925Z] Command:       /usr/local/bin/node /usr/local/bin/firebase init
[debug] [2020-09-26T06:17:13.925Z] CLI Version:   8.11.2
[debug] [2020-09-26T06:17:13.925Z] Platform:      darwin
[debug] [2020-09-26T06:17:13.926Z] Node Version:  v14.12.0
[debug] [2020-09-26T06:17:13.927Z] Time:          Sat Sep 26 2020 14:17:13 GMT+0800 (China Standard Time)
[debug] [2020-09-26T06:17:13.928Z] ----------------------------------------------------------------------
[debug] [2020-09-26T06:17:13.928Z] 
[debug] [2020-09-26T06:17:13.933Z] > command requires scopes: ["email","openid","https://www.googleapis.com/auth/cloudplatformprojects.readonly","https://www.googleapis.com/auth/firebase","https://www.googleapis.com/auth/cloud-platform"]
[debug] [2020-09-26T06:17:13.933Z] > authorizing via signed-in user
[info] 
     ######## #### ########  ######## ########     ###     ######  ########
     ##        ##  ##     ## ##       ##     ##  ##   ##  ##       ##
     ######    ##  ########  ######   ########  #########  ######  ######
     ##        ##  ##    ##  ##       ##     ## ##     ##       ## ##
     ##       #### ##     ## ######## ########  ##     ##  ######  ########

You're about to initialize a Firebase project in this directory:

  /Users/mac/Documents/2020Development/Challenge5/netflix_clone/client

[info] 
=== Project Setup
[info] 
[info] First, let's associate this project directory with a Firebase project.
[info] You can create multiple project aliases by running firebase use --add, 
[info] but for now we'll just set up a default project.
[info] 
[debug] [2020-09-26T06:17:32.468Z] >>> HTTP REQUEST GET https://firebase.googleapis.com/v1beta1/projects?pageSize=100  
 
[debug] [2020-09-26T06:17:33.362Z] <<< HTTP RESPONSE 200 {"content-type":"application/json; charset=UTF-8","vary":"X-Origin, Referer, Origin,Accept-Encoding","date":"Sat, 26 Sep 2020 06:17:33 GMT","server":"ESF","cache-control":"private","x-xss-protection":"0","x-frame-options":"SAMEORIGIN","x-content-type-options":"nosniff","alt-svc":"h3-Q050=\":443\"; ma=2592000,h3-29=\":443\"; ma=2592000,h3-27=\":443\"; ma=2592000,h3-T051=\":443\"; ma=2592000,h3-T050=\":443\"; ma=2592000,h3-Q046=\":443\"; ma=2592000,h3-Q043=\":443\"; ma=2592000,quic=\":443\"; ma=2592000; v=\"46,43\"","accept-ranges":"none","transfer-encoding":"chunked"}
[info] i  Using project netflixclone-6c689 (netflixclone) 
[info] 
=== Hosting Setup
[info] 
[info] Your public directory is the folder (relative to your project directory) that
[info] will contain Hosting assets to be uploaded with firebase deploy. If you
[info] have a build process for your assets, use your build's output directory.
[info] 
[debug] [2020-09-26T06:18:48.587Z] >>> HTTP REQUEST GET https://www.gstatic.com/firebasejs/releases.json  
 
